[debug] [2026-07-01T19:43:59.423Z] ----------------------------------------------------------------------
[debug] [2026-07-01T19:43:59.430Z] Command:       /home/jcabr/.nvm/versions/node/v24.10.0/bin/node /home/jcabr/.nvm/versions/node/v24.10.0/bin/firebase init functions
[debug] [2026-07-01T19:43:59.430Z] CLI Version:   15.22.4
[debug] [2026-07-01T19:43:59.430Z] Platform:      linux
[debug] [2026-07-01T19:43:59.430Z] Node Version:  v24.10.0
[debug] [2026-07-01T19:43:59.430Z] Detected Agent: unknown
[debug] [2026-07-01T19:43:59.430Z] Time:          Wed Jul 01 2026 12:43:59 GMT-0700 (Pacific Daylight Time)
[debug] [2026-07-01T19:43:59.430Z] ----------------------------------------------------------------------
[debug] 
[info] 
     ######## #### ########  ######## ########     ###     ######  ########
     ##        ##  ##     ## ##       ##     ##  ##   ##  ##       ##
     ######    ##  ########  ######   ########  #########  ######  ######
     ##        ##  ##    ##  ##       ##     ## ##     ##       ## ##
     ##       #### ##     ## ######## ########  ##     ##  ######  ########

You're about to initialize a Firebase project in this directory:

  /home/jcabr/chamorrowizard/projects/cater

[info] 
=== Project Setup
[info] 
[info] First, let's associate this project directory with a Firebase project.
[info] You can create multiple project aliases by running firebase use --add, 
[info] 
[debug] [2026-07-01T19:44:24.655Z] > command requires scopes: ["email","openid","https://www.googleapis.com/auth/cloudplatformprojects.readonly","https://www.googleapis.com/auth/firebase","https://www.googleapis.com/auth/cloud-platform"]
[debug] [2026-07-01T19:44:24.656Z] > authorizing via signed-in user (justincrypto702@gmail.com)
[debug] [2026-07-01T19:44:24.657Z] Checked if tokens are valid: false, expires at: 1782895147830
[debug] [2026-07-01T19:44:24.657Z] Checked if tokens are valid: false, expires at: 1782895147830
[debug] [2026-07-01T19:44:24.657Z] > refreshing access token with scopes: []
[debug] [2026-07-01T19:44:24.659Z] >>> [apiv2][query] POST https://www.googleapis.com/oauth2/v3/token [none]
[debug] [2026-07-01T19:44:24.659Z] >>> [apiv2][body] POST https://www.googleapis.com/oauth2/v3/token [omitted]
[debug] [2026-07-01T19:44:24.842Z] <<< [apiv2][status] POST https://www.googleapis.com/oauth2/v3/token 200
[debug] [2026-07-01T19:44:24.843Z] <<< [apiv2][body] POST https://www.googleapis.com/oauth2/v3/token [omitted]
[debug] [2026-07-01T19:44:24.850Z] >>> [apiv2][query] GET https://firebase.googleapis.com/v1beta1/projects pageSize=100
[debug] [2026-07-01T19:44:25.232Z] <<< [apiv2][status] GET https://firebase.googleapis.com/v1beta1/projects 200
[debug] [2026-07-01T19:44:25.232Z] <<< [apiv2][body] GET https://firebase.googleapis.com/v1beta1/projects [omitted]
[debug] [2026-07-01T19:44:33.877Z] ExitPromptError: User force closed the prompt with SIGINT
    at Interface.sigint (/home/jcabr/.nvm/versions/node/v24.10.0/lib/node_modules/firebase-tools/node_modules/@inquirer/core/dist/commonjs/lib/create-prompt.js:101:37)
    at Interface.emit (node:events:508:28)
    at [_ttyWrite] [as _ttyWrite] (node:internal/readline/interface:1317:18)
    at ReadStream.onkeypress (node:internal/readline/interface:284:20)
    at ReadStream.emit (node:events:520:35)
    at emitKeys (node:internal/readline/utils:371:14)
    at emitKeys.next (<anonymous>)
    at ReadStream.onData (node:internal/readline/emitKeypressEvents:64:36)
    at ReadStream.emit (node:events:508:28)
    at addChunk (node:internal/streams/readable:559:12)
[error] 
[error] Error: An unexpected error has occurred.
